<?xml version="1.0" encoding="UTF-8"?>
<testsuite name="TestSuite" time="134.031" tests="5" errors="0" skipped="1" failures="0">
  <properties>
[...]
</properties>
  <testcase name="testLogo" classname="com.techaspect.framework.testcases.HomePageTest" time="70.377"/>
  <testcase name="testSocialShareLinks" classname="com.techaspect.framework.testcases.HomePageTest" time="63.654"/>
  <testcase name="testSocialShareLinks" classname="com.techaspect.framework.testcases.HomePageTest" time="35.698"/>
  <testcase name="testSocialShareLinks" classname="com.techaspect.framework.testcases.HomePageTest" time="28.739"/>
  <testcase name="testSocialShareLinks" classname="com.techaspect.framework.testcases.HomePageTest" time="0">
    <skipped/>
    <system-err><![CDATA[Starting ChromeDriver 2.41.578737 (49da6702b16031c40d63e5618de03a32ff6c197e) on port 20165
Only local connections are allowed.
Aug 26, 2018 6:12:17 PM org.openqa.selenium.remote.ProtocolHandshake createSession
INFO: Detected dialect: OSS
]]></system-err>
  </testcase>
</testsuite>