<?xml version="1.0" encoding="UTF-8"?>
<testng-results skipped="1" failed="0" ignored="0" total="5" passed="4">
  <reporter-output>
  </reporter-output>
  <suite name="Suite" duration-ms="226144" started-at="2018-08-26T12:38:33Z" finished-at="2018-08-26T12:42:19Z">
    <groups>
    </groups>
    <test name="Test" duration-ms="226144" started-at="2018-08-26T12:38:33Z" finished-at="2018-08-26T12:42:19Z">
      <class name="com.techaspect.framework.testcases.HomePageTest">
        <test-method status="PASS" signature="beforeSuite()[pri:0, instance:com.techaspect.framework.testcases.HomePageTest@37883b97]" name="beforeSuite" is-config="true" duration-ms="219" started-at="2018-08-26T18:08:33Z" finished-at="2018-08-26T18:08:33Z">
          <reporter-output>
          </reporter-output>
        </test-method> <!-- beforeSuite -->
        <test-method status="PASS" signature="beforeTest()[pri:0, instance:com.techaspect.framework.testcases.HomePageTest@37883b97]" name="beforeTest" is-config="true" duration-ms="0" started-at="2018-08-26T18:08:33Z" finished-at="2018-08-26T18:08:33Z">
          <reporter-output>
          </reporter-output>
        </test-method> <!-- beforeTest -->
        <test-method status="PASS" signature="beforeClass()[pri:0, instance:com.techaspect.framework.testcases.HomePageTest@37883b97]" name="beforeClass" is-config="true" duration-ms="0" started-at="2018-08-26T18:08:33Z" finished-at="2018-08-26T18:08:33Z">
          <reporter-output>
          </reporter-output>
        </test-method> <!-- beforeClass -->
        <test-method status="PASS" signature="beforeMethod(java.lang.reflect.Method)[pri:0, instance:com.techaspect.framework.testcases.HomePageTest@37883b97]" name="beforeMethod" is-config="true" duration-ms="7025" started-at="2018-08-26T18:08:33Z" finished-at="2018-08-26T18:08:40Z">
          <params>
            <param index="0">
              <value>
                <![CDATA[public void com.techaspect.framework.testcases.HomePageTest.testLogo(java.util.Hashtable)]]>
              </value>
            </param>
          </params>
          <reporter-output>
          </reporter-output>
        </test-method> <!-- beforeMethod -->
        <test-method status="PASS" signature="testLogo(java.util.Hashtable)[pri:0, instance:com.techaspect.framework.testcases.HomePageTest@37883b97]" name="testLogo" duration-ms="70404" started-at="2018-08-26T18:08:40Z" data-provider="dpone" finished-at="2018-08-26T18:09:50Z">
          <params>
            <param index="0">
              <value>
                <![CDATA[{Runmode=Y, expected url=http://automationtesting.in/}]]>
              </value>
            </param>
          </params>
          <reporter-output>
          </reporter-output>
        </test-method> <!-- testLogo -->
        <test-method status="PASS" signature="afterMethod(org.testng.ITestResult)[pri:0, instance:com.techaspect.framework.testcases.HomePageTest@37883b97]" name="afterMethod" is-config="true" duration-ms="1587" started-at="2018-08-26T18:09:50Z" finished-at="2018-08-26T18:09:52Z">
          <params>
            <param index="0">
              <value>
                <![CDATA[[TestResult name=testLogo status=SUCCESS method=HomePageTest.testLogo(java.util.Hashtable)[pri:0, instance:com.techaspect.framework.testcases.HomePageTest@37883b97] output={null}]]]>
              </value>
            </param>
          </params>
          <reporter-output>
          </reporter-output>
        </test-method> <!-- afterMethod -->
        <test-method status="PASS" signature="beforeMethod(java.lang.reflect.Method)[pri:0, instance:com.techaspect.framework.testcases.HomePageTest@37883b97]" name="beforeMethod" is-config="true" duration-ms="3734" started-at="2018-08-26T18:09:52Z" finished-at="2018-08-26T18:09:56Z">
          <params>
            <param index="0">
              <value>
                <![CDATA[public void com.techaspect.framework.testcases.HomePageTest.testSocialShareLinks(java.util.Hashtable)]]>
              </value>
            </param>
          </params>
          <reporter-output>
          </reporter-output>
        </test-method> <!-- beforeMethod -->
        <test-method status="PASS" signature="testSocialShareLinks(java.util.Hashtable)[pri:0, instance:com.techaspect.framework.testcases.HomePageTest@37883b97]" name="testSocialShareLinks" duration-ms="63653" started-at="2018-08-26T18:09:56Z" data-provider="dpone" finished-at="2018-08-26T18:10:59Z">
          <params>
            <param index="0">
              <value>
                <![CDATA[{socialmediatype=Facebook, Runmode=Y, expected title=Automation Testing - Home | Facebook}]]>
              </value>
            </param>
          </params>
          <reporter-output>
          </reporter-output>
        </test-method> <!-- testSocialShareLinks -->
        <test-method status="PASS" signature="afterMethod(org.testng.ITestResult)[pri:0, instance:com.techaspect.framework.testcases.HomePageTest@37883b97]" name="afterMethod" is-config="true" duration-ms="1028" started-at="2018-08-26T18:10:59Z" finished-at="2018-08-26T18:11:00Z">
          <params>
            <param index="0">
              <value>
                <![CDATA[[TestResult name=testSocialShareLinks status=SUCCESS method=HomePageTest.testSocialShareLinks(java.util.Hashtable)[pri:0, instance:com.techaspect.framework.testcases.HomePageTest@37883b97] output={null}]]]>
              </value>
            </param>
          </params>
          <reporter-output>
          </reporter-output>
        </test-method> <!-- afterMethod -->
        <test-method status="PASS" signature="beforeMethod(java.lang.reflect.Method)[pri:0, instance:com.techaspect.framework.testcases.HomePageTest@37883b97]" name="beforeMethod" is-config="true" duration-ms="3911" started-at="2018-08-26T18:11:00Z" finished-at="2018-08-26T18:11:04Z">
          <params>
            <param index="0">
              <value>
                <![CDATA[public void com.techaspect.framework.testcases.HomePageTest.testSocialShareLinks(java.util.Hashtable)]]>
              </value>
            </param>
          </params>
          <reporter-output>
          </reporter-output>
        </test-method> <!-- beforeMethod -->
        <test-method status="PASS" signature="testSocialShareLinks(java.util.Hashtable)[pri:0, instance:com.techaspect.framework.testcases.HomePageTest@37883b97]" name="testSocialShareLinks" duration-ms="35698" started-at="2018-08-26T18:11:04Z" data-provider="dpone" finished-at="2018-08-26T18:11:40Z">
          <params>
            <param index="0">
              <value>
                <![CDATA[{socialmediatype=Twitter, Runmode=Y, expected title=Krishna Sakinala (@krishnasakinala) | Twitter}]]>
              </value>
            </param>
          </params>
          <reporter-output>
          </reporter-output>
        </test-method> <!-- testSocialShareLinks -->
        <test-method status="PASS" signature="afterMethod(org.testng.ITestResult)[pri:0, instance:com.techaspect.framework.testcases.HomePageTest@37883b97]" name="afterMethod" is-config="true" duration-ms="866" started-at="2018-08-26T18:11:40Z" finished-at="2018-08-26T18:11:41Z">
          <params>
            <param index="0">
              <value>
                <![CDATA[[TestResult name=testSocialShareLinks status=SUCCESS method=HomePageTest.testSocialShareLinks(java.util.Hashtable)[pri:0, instance:com.techaspect.framework.testcases.HomePageTest@37883b97] output={null}]]]>
              </value>
            </param>
          </params>
          <reporter-output>
          </reporter-output>
        </test-method> <!-- afterMethod -->
        <test-method status="PASS" signature="beforeMethod(java.lang.reflect.Method)[pri:0, instance:com.techaspect.framework.testcases.HomePageTest@37883b97]" name="beforeMethod" is-config="true" duration-ms="3924" started-at="2018-08-26T18:11:41Z" finished-at="2018-08-26T18:11:45Z">
          <params>
            <param index="0">
              <value>
                <![CDATA[public void com.techaspect.framework.testcases.HomePageTest.testSocialShareLinks(java.util.Hashtable)]]>
              </value>
            </param>
          </params>
          <reporter-output>
          </reporter-output>
        </test-method> <!-- beforeMethod -->
        <test-method status="PASS" signature="testSocialShareLinks(java.util.Hashtable)[pri:0, instance:com.techaspect.framework.testcases.HomePageTest@37883b97]" name="testSocialShareLinks" duration-ms="28738" started-at="2018-08-26T18:11:45Z" data-provider="dpone" finished-at="2018-08-26T18:12:14Z">
          <params>
            <param index="0">
              <value>
                <![CDATA[{socialmediatype=LinkedIn, Runmode=Y, expected title=LinkedIn: Log In or Sign Up}]]>
              </value>
            </param>
          </params>
          <reporter-output>
          </reporter-output>
        </test-method> <!-- testSocialShareLinks -->
        <test-method status="PASS" signature="afterMethod(org.testng.ITestResult)[pri:0, instance:com.techaspect.framework.testcases.HomePageTest@37883b97]" name="afterMethod" is-config="true" duration-ms="848" started-at="2018-08-26T18:12:14Z" finished-at="2018-08-26T18:12:14Z">
          <params>
            <param index="0">
              <value>
                <![CDATA[[TestResult name=testSocialShareLinks status=SUCCESS method=HomePageTest.testSocialShareLinks(java.util.Hashtable)[pri:0, instance:com.techaspect.framework.testcases.HomePageTest@37883b97] output={null}]]]>
              </value>
            </param>
          </params>
          <reporter-output>
          </reporter-output>
        </test-method> <!-- afterMethod -->
        <test-method status="PASS" signature="beforeMethod(java.lang.reflect.Method)[pri:0, instance:com.techaspect.framework.testcases.HomePageTest@37883b97]" name="beforeMethod" is-config="true" duration-ms="3955" started-at="2018-08-26T18:12:14Z" finished-at="2018-08-26T18:12:18Z">
          <params>
            <param index="0">
              <value>
                <![CDATA[public void com.techaspect.framework.testcases.HomePageTest.testSocialShareLinks(java.util.Hashtable)]]>
              </value>
            </param>
          </params>
          <reporter-output>
          </reporter-output>
        </test-method> <!-- beforeMethod -->
        <test-method status="PASS" signature="afterMethod(org.testng.ITestResult)[pri:0, instance:com.techaspect.framework.testcases.HomePageTest@37883b97]" name="afterMethod" is-config="true" duration-ms="719" started-at="2018-08-26T18:12:18Z" finished-at="2018-08-26T18:12:19Z">
          <params>
            <param index="0">
              <value>
                <![CDATA[[TestResult name=testSocialShareLinks status=SKIP method=HomePageTest.testSocialShareLinks(java.util.Hashtable)[pri:0, instance:com.techaspect.framework.testcases.HomePageTest@37883b97] output={null}]]]>
              </value>
            </param>
          </params>
          <reporter-output>
          </reporter-output>
        </test-method> <!-- afterMethod -->
        <test-method status="SKIP" signature="testSocialShareLinks(java.util.Hashtable)[pri:0, instance:com.techaspect.framework.testcases.HomePageTest@37883b97]" name="testSocialShareLinks" duration-ms="0" started-at="2018-08-26T18:12:18Z" data-provider="dpone" finished-at="2018-08-26T18:12:18Z">
          <params>
            <param index="0">
              <value>
                <![CDATA[{socialmediatype=Instagram, Runmode=N, expected title=Home Centre India (@homecentreindia) • Instagram photos and videos}]]>
              </value>
            </param>
          </params>
          <exception class="org.testng.SkipException">
            <message>
              <![CDATA[RunMode is set to No for test data]]>
            </message>
            <full-stacktrace>
              <![CDATA[org.testng.SkipException: RunMode is set to No for test data
	at com.techaspect.framework.testcases.HomePageTest.testSocialShareLinks(HomePageTest.java:32)
	at sun.reflect.NativeMethodAccessorImpl.invoke0(Native Method)
	at sun.reflect.NativeMethodAccessorImpl.invoke(NativeMethodAccessorImpl.java:62)
	at sun.reflect.DelegatingMethodAccessorImpl.invoke(DelegatingMethodAccessorImpl.java:43)
	at java.lang.reflect.Method.invoke(Method.java:498)
	at org.testng.internal.MethodInvocationHelper.invokeMethod(MethodInvocationHelper.java:108)
	at org.testng.internal.Invoker.invokeMethod(Invoker.java:661)
	at org.testng.internal.Invoker.invokeTestMethod(Invoker.java:869)
	at org.testng.internal.Invoker.invokeTestMethods(Invoker.java:1193)
	at org.testng.internal.TestMethodWorker.invokeTestMethods(TestMethodWorker.java:126)
	at org.testng.internal.TestMethodWorker.run(TestMethodWorker.java:109)
	at java.util.concurrent.ThreadPoolExecutor.runWorker(ThreadPoolExecutor.java:1142)
	at java.util.concurrent.ThreadPoolExecutor$Worker.run(ThreadPoolExecutor.java:617)
	at java.lang.Thread.run(Thread.java:745)
]]>
            </full-stacktrace>
          </exception> <!-- org.testng.SkipException -->
          <reporter-output>
          </reporter-output>
        </test-method> <!-- testSocialShareLinks -->
        <test-method status="PASS" signature="afterClass()[pri:0, instance:com.techaspect.framework.testcases.HomePageTest@37883b97]" name="afterClass" is-config="true" duration-ms="0" started-at="2018-08-26T18:12:19Z" finished-at="2018-08-26T18:12:19Z">
          <reporter-output>
          </reporter-output>
        </test-method> <!-- afterClass -->
        <test-method status="PASS" signature="afterTest()[pri:0, instance:com.techaspect.framework.testcases.HomePageTest@37883b97]" name="afterTest" is-config="true" duration-ms="0" started-at="2018-08-26T18:12:19Z" finished-at="2018-08-26T18:12:19Z">
          <reporter-output>
          </reporter-output>
        </test-method> <!-- afterTest -->
        <test-method status="PASS" signature="afterSuite()[pri:0, instance:com.techaspect.framework.testcases.HomePageTest@37883b97]" name="afterSuite" is-config="true" duration-ms="0" started-at="2018-08-26T18:12:19Z" finished-at="2018-08-26T18:12:19Z">
          <reporter-output>
          </reporter-output>
        </test-method> <!-- afterSuite -->
      </class> <!-- com.techaspect.framework.testcases.HomePageTest -->
    </test> <!-- Test -->
  </suite> <!-- Suite -->
</testng-results>
