<?xml version="1.0" encoding="UTF-8"?>
<testng-results skipped="4" failed="0" ignored="0" total="5" passed="1">
  <reporter-output>
  </reporter-output>
  <suite name="Suite" duration-ms="28304" started-at="2018-08-24T13:28:37Z" finished-at="2018-08-24T13:29:05Z">
    <groups>
    </groups>
    <test name="Test" duration-ms="28304" started-at="2018-08-24T13:28:37Z" finished-at="2018-08-24T13:29:05Z">
      <class name="com.techaspect.framework.testcases.HomePageTest">
        <test-method status="PASS" signature="beforeSuite()[pri:0, instance:com.techaspect.framework.testcases.HomePageTest@4c309d4d]" name="beforeSuite" is-config="true" duration-ms="171" started-at="2018-08-24T18:58:37Z" finished-at="2018-08-24T18:58:37Z">
          <reporter-output>
          </reporter-output>
        </test-method> <!-- beforeSuite -->
        <test-method status="PASS" signature="beforeTest()[pri:0, instance:com.techaspect.framework.testcases.HomePageTest@4c309d4d]" name="beforeTest" is-config="true" duration-ms="0" started-at="2018-08-24T18:58:37Z" finished-at="2018-08-24T18:58:37Z">
          <reporter-output>
          </reporter-output>
        </test-method> <!-- beforeTest -->
        <test-method status="PASS" signature="beforeClass()[pri:0, instance:com.techaspect.framework.testcases.HomePageTest@4c309d4d]" name="beforeClass" is-config="true" duration-ms="0" started-at="2018-08-24T18:58:37Z" finished-at="2018-08-24T18:58:37Z">
          <reporter-output>
          </reporter-output>
        </test-method> <!-- beforeClass -->
        <test-method status="PASS" signature="beforeMethod(java.lang.reflect.Method)[pri:0, instance:com.techaspect.framework.testcases.HomePageTest@4c309d4d]" name="beforeMethod" is-config="true" duration-ms="4553" started-at="2018-08-24T18:58:37Z" finished-at="2018-08-24T18:58:42Z">
          <params>
            <param index="0">
              <value>
                <![CDATA[public void com.techaspect.framework.testcases.HomePageTest.testLogo(java.util.Hashtable)]]>
              </value>
            </param>
          </params>
          <reporter-output>
          </reporter-output>
        </test-method> <!-- beforeMethod -->
        <test-method status="PASS" signature="testLogo(java.util.Hashtable)[pri:0, instance:com.techaspect.framework.testcases.HomePageTest@4c309d4d]" name="testLogo" duration-ms="5132" started-at="2018-08-24T18:58:42Z" data-provider="dpone" finished-at="2018-08-24T18:58:47Z">
          <params>
            <param index="0">
              <value>
                <![CDATA[{Runmode=Y, expected url=https://www.homecentre.in/in/en/}]]>
              </value>
            </param>
          </params>
          <reporter-output>
          </reporter-output>
        </test-method> <!-- testLogo -->
        <test-method status="PASS" signature="afterMethod(org.testng.ITestResult)[pri:0, instance:com.techaspect.framework.testcases.HomePageTest@4c309d4d]" name="afterMethod" is-config="true" duration-ms="1507" started-at="2018-08-24T18:58:47Z" finished-at="2018-08-24T18:58:48Z">
          <params>
            <param index="0">
              <value>
                <![CDATA[[TestResult name=testLogo status=SUCCESS method=HomePageTest.testLogo(java.util.Hashtable)[pri:0, instance:com.techaspect.framework.testcases.HomePageTest@4c309d4d] output={null}]]]>
              </value>
            </param>
          </params>
          <reporter-output>
          </reporter-output>
        </test-method> <!-- afterMethod -->
        <test-method status="PASS" signature="beforeMethod(java.lang.reflect.Method)[pri:0, instance:com.techaspect.framework.testcases.HomePageTest@4c309d4d]" name="beforeMethod" is-config="true" duration-ms="3290" started-at="2018-08-24T18:58:48Z" finished-at="2018-08-24T18:58:52Z">
          <params>
            <param index="0">
              <value>
                <![CDATA[public void com.techaspect.framework.testcases.HomePageTest.testSocialShareLinks(java.util.Hashtable)]]>
              </value>
            </param>
          </params>
          <reporter-output>
          </reporter-output>
        </test-method> <!-- beforeMethod -->
        <test-method status="SKIP" signature="testSocialShareLinks(java.util.Hashtable)[pri:0, instance:com.techaspect.framework.testcases.HomePageTest@4c309d4d]" name="testSocialShareLinks" duration-ms="4" started-at="2018-08-24T18:58:52Z" data-provider="dpone" finished-at="2018-08-24T18:58:52Z">
          <params>
            <param index="0">
              <value>
                <![CDATA[{socialmediatype=Facebook, Runmode=N, expected title=Automation Testing - Home}]]>
              </value>
            </param>
          </params>
          <exception class="org.testng.SkipException">
            <message>
              <![CDATA[RunMode is set to No for test data]]>
            </message>
            <full-stacktrace>
              <![CDATA[org.testng.SkipException: RunMode is set to No for test data
	at com.techaspect.framework.testcases.HomePageTest.testSocialShareLinks(HomePageTest.java:24)
	at sun.reflect.NativeMethodAccessorImpl.invoke0(Native Method)
	at sun.reflect.NativeMethodAccessorImpl.invoke(NativeMethodAccessorImpl.java:62)
	at sun.reflect.DelegatingMethodAccessorImpl.invoke(DelegatingMethodAccessorImpl.java:43)
	at java.lang.reflect.Method.invoke(Method.java:498)
	at org.testng.internal.MethodInvocationHelper.invokeMethod(MethodInvocationHelper.java:108)
	at org.testng.internal.Invoker.invokeMethod(Invoker.java:661)
	at org.testng.internal.Invoker.invokeTestMethod(Invoker.java:869)
	at org.testng.internal.Invoker.invokeTestMethods(Invoker.java:1193)
	at org.testng.internal.TestMethodWorker.invokeTestMethods(TestMethodWorker.java:126)
	at org.testng.internal.TestMethodWorker.run(TestMethodWorker.java:109)
	at java.util.concurrent.ThreadPoolExecutor.runWorker(ThreadPoolExecutor.java:1142)
	at java.util.concurrent.ThreadPoolExecutor$Worker.run(ThreadPoolExecutor.java:617)
	at java.lang.Thread.run(Thread.java:745)
]]>
            </full-stacktrace>
          </exception> <!-- org.testng.SkipException -->
          <reporter-output>
          </reporter-output>
        </test-method> <!-- testSocialShareLinks -->
        <test-method status="PASS" signature="afterMethod(org.testng.ITestResult)[pri:0, instance:com.techaspect.framework.testcases.HomePageTest@4c309d4d]" name="afterMethod" is-config="true" duration-ms="783" started-at="2018-08-24T18:58:52Z" finished-at="2018-08-24T18:58:52Z">
          <params>
            <param index="0">
              <value>
                <![CDATA[[TestResult name=testSocialShareLinks status=SKIP method=HomePageTest.testSocialShareLinks(java.util.Hashtable)[pri:0, instance:com.techaspect.framework.testcases.HomePageTest@4c309d4d] output={null}]]]>
              </value>
            </param>
          </params>
          <reporter-output>
          </reporter-output>
        </test-method> <!-- afterMethod -->
        <test-method status="PASS" signature="beforeMethod(java.lang.reflect.Method)[pri:0, instance:com.techaspect.framework.testcases.HomePageTest@4c309d4d]" name="beforeMethod" is-config="true" duration-ms="3492" started-at="2018-08-24T18:58:52Z" finished-at="2018-08-24T18:58:56Z">
          <params>
            <param index="0">
              <value>
                <![CDATA[public void com.techaspect.framework.testcases.HomePageTest.testSocialShareLinks(java.util.Hashtable)]]>
              </value>
            </param>
          </params>
          <reporter-output>
          </reporter-output>
        </test-method> <!-- beforeMethod -->
        <test-method status="SKIP" signature="testSocialShareLinks(java.util.Hashtable)[pri:0, instance:com.techaspect.framework.testcases.HomePageTest@4c309d4d]" name="testSocialShareLinks" duration-ms="0" started-at="2018-08-24T18:58:56Z" data-provider="dpone" finished-at="2018-08-24T18:58:56Z">
          <params>
            <param index="0">
              <value>
                <![CDATA[{socialmediatype=Twitter, Runmode=N, expected title=Krishna Sakinala (@krishnasakinala) | Twitter}]]>
              </value>
            </param>
          </params>
          <exception class="org.testng.SkipException">
            <message>
              <![CDATA[RunMode is set to No for test data]]>
            </message>
            <full-stacktrace>
              <![CDATA[org.testng.SkipException: RunMode is set to No for test data
	at com.techaspect.framework.testcases.HomePageTest.testSocialShareLinks(HomePageTest.java:24)
	at sun.reflect.NativeMethodAccessorImpl.invoke0(Native Method)
	at sun.reflect.NativeMethodAccessorImpl.invoke(NativeMethodAccessorImpl.java:62)
	at sun.reflect.DelegatingMethodAccessorImpl.invoke(DelegatingMethodAccessorImpl.java:43)
	at java.lang.reflect.Method.invoke(Method.java:498)
	at org.testng.internal.MethodInvocationHelper.invokeMethod(MethodInvocationHelper.java:108)
	at org.testng.internal.Invoker.invokeMethod(Invoker.java:661)
	at org.testng.internal.Invoker.invokeTestMethod(Invoker.java:869)
	at org.testng.internal.Invoker.invokeTestMethods(Invoker.java:1193)
	at org.testng.internal.TestMethodWorker.invokeTestMethods(TestMethodWorker.java:126)
	at org.testng.internal.TestMethodWorker.run(TestMethodWorker.java:109)
	at java.util.concurrent.ThreadPoolExecutor.runWorker(ThreadPoolExecutor.java:1142)
	at java.util.concurrent.ThreadPoolExecutor$Worker.run(ThreadPoolExecutor.java:617)
	at java.lang.Thread.run(Thread.java:745)
]]>
            </full-stacktrace>
          </exception> <!-- org.testng.SkipException -->
          <reporter-output>
          </reporter-output>
        </test-method> <!-- testSocialShareLinks -->
        <test-method status="PASS" signature="afterMethod(org.testng.ITestResult)[pri:0, instance:com.techaspect.framework.testcases.HomePageTest@4c309d4d]" name="afterMethod" is-config="true" duration-ms="771" started-at="2018-08-24T18:58:56Z" finished-at="2018-08-24T18:58:57Z">
          <params>
            <param index="0">
              <value>
                <![CDATA[[TestResult name=testSocialShareLinks status=SKIP method=HomePageTest.testSocialShareLinks(java.util.Hashtable)[pri:0, instance:com.techaspect.framework.testcases.HomePageTest@4c309d4d] output={null}]]]>
              </value>
            </param>
          </params>
          <reporter-output>
          </reporter-output>
        </test-method> <!-- afterMethod -->
        <test-method status="PASS" signature="beforeMethod(java.lang.reflect.Method)[pri:0, instance:com.techaspect.framework.testcases.HomePageTest@4c309d4d]" name="beforeMethod" is-config="true" duration-ms="3552" started-at="2018-08-24T18:58:57Z" finished-at="2018-08-24T18:59:00Z">
          <params>
            <param index="0">
              <value>
                <![CDATA[public void com.techaspect.framework.testcases.HomePageTest.testSocialShareLinks(java.util.Hashtable)]]>
              </value>
            </param>
          </params>
          <reporter-output>
          </reporter-output>
        </test-method> <!-- beforeMethod -->
        <test-method status="SKIP" signature="testSocialShareLinks(java.util.Hashtable)[pri:0, instance:com.techaspect.framework.testcases.HomePageTest@4c309d4d]" name="testSocialShareLinks" duration-ms="4" started-at="2018-08-24T18:59:00Z" data-provider="dpone" finished-at="2018-08-24T18:59:00Z">
          <params>
            <param index="0">
              <value>
                <![CDATA[{socialmediatype=LinkedIn, Runmode=N, expected title=LinkedIn: Log In or Sign Up}]]>
              </value>
            </param>
          </params>
          <exception class="org.testng.SkipException">
            <message>
              <![CDATA[RunMode is set to No for test data]]>
            </message>
            <full-stacktrace>
              <![CDATA[org.testng.SkipException: RunMode is set to No for test data
	at com.techaspect.framework.testcases.HomePageTest.testSocialShareLinks(HomePageTest.java:24)
	at sun.reflect.NativeMethodAccessorImpl.invoke0(Native Method)
	at sun.reflect.NativeMethodAccessorImpl.invoke(NativeMethodAccessorImpl.java:62)
	at sun.reflect.DelegatingMethodAccessorImpl.invoke(DelegatingMethodAccessorImpl.java:43)
	at java.lang.reflect.Method.invoke(Method.java:498)
	at org.testng.internal.MethodInvocationHelper.invokeMethod(MethodInvocationHelper.java:108)
	at org.testng.internal.Invoker.invokeMethod(Invoker.java:661)
	at org.testng.internal.Invoker.invokeTestMethod(Invoker.java:869)
	at org.testng.internal.Invoker.invokeTestMethods(Invoker.java:1193)
	at org.testng.internal.TestMethodWorker.invokeTestMethods(TestMethodWorker.java:126)
	at org.testng.internal.TestMethodWorker.run(TestMethodWorker.java:109)
	at java.util.concurrent.ThreadPoolExecutor.runWorker(ThreadPoolExecutor.java:1142)
	at java.util.concurrent.ThreadPoolExecutor$Worker.run(ThreadPoolExecutor.java:617)
	at java.lang.Thread.run(Thread.java:745)
]]>
            </full-stacktrace>
          </exception> <!-- org.testng.SkipException -->
          <reporter-output>
          </reporter-output>
        </test-method> <!-- testSocialShareLinks -->
        <test-method status="PASS" signature="afterMethod(org.testng.ITestResult)[pri:0, instance:com.techaspect.framework.testcases.HomePageTest@4c309d4d]" name="afterMethod" is-config="true" duration-ms="757" started-at="2018-08-24T18:59:00Z" finished-at="2018-08-24T18:59:01Z">
          <params>
            <param index="0">
              <value>
                <![CDATA[[TestResult name=testSocialShareLinks status=SKIP method=HomePageTest.testSocialShareLinks(java.util.Hashtable)[pri:0, instance:com.techaspect.framework.testcases.HomePageTest@4c309d4d] output={null}]]]>
              </value>
            </param>
          </params>
          <reporter-output>
          </reporter-output>
        </test-method> <!-- afterMethod -->
        <test-method status="PASS" signature="beforeMethod(java.lang.reflect.Method)[pri:0, instance:com.techaspect.framework.testcases.HomePageTest@4c309d4d]" name="beforeMethod" is-config="true" duration-ms="3633" started-at="2018-08-24T18:59:01Z" finished-at="2018-08-24T18:59:05Z">
          <params>
            <param index="0">
              <value>
                <![CDATA[public void com.techaspect.framework.testcases.HomePageTest.testSocialShareLinks(java.util.Hashtable)]]>
              </value>
            </param>
          </params>
          <reporter-output>
          </reporter-output>
        </test-method> <!-- beforeMethod -->
        <test-method status="SKIP" signature="testSocialShareLinks(java.util.Hashtable)[pri:0, instance:com.techaspect.framework.testcases.HomePageTest@4c309d4d]" name="testSocialShareLinks" duration-ms="0" started-at="2018-08-24T18:59:05Z" data-provider="dpone" finished-at="2018-08-24T18:59:05Z">
          <params>
            <param index="0">
              <value>
                <![CDATA[{socialmediatype=Instagram, Runmode=N, expected title=Home Centre India (@homecentreindia) â€¢ Instagram photos and videos}]]>
              </value>
            </param>
          </params>
          <exception class="org.testng.SkipException">
            <message>
              <![CDATA[RunMode is set to No for test data]]>
            </message>
            <full-stacktrace>
              <![CDATA[org.testng.SkipException: RunMode is set to No for test data
	at com.techaspect.framework.testcases.HomePageTest.testSocialShareLinks(HomePageTest.java:24)
	at sun.reflect.NativeMethodAccessorImpl.invoke0(Native Method)
	at sun.reflect.NativeMethodAccessorImpl.invoke(NativeMethodAccessorImpl.java:62)
	at sun.reflect.DelegatingMethodAccessorImpl.invoke(DelegatingMethodAccessorImpl.java:43)
	at java.lang.reflect.Method.invoke(Method.java:498)
	at org.testng.internal.MethodInvocationHelper.invokeMethod(MethodInvocationHelper.java:108)
	at org.testng.internal.Invoker.invokeMethod(Invoker.java:661)
	at org.testng.internal.Invoker.invokeTestMethod(Invoker.java:869)
	at org.testng.internal.Invoker.invokeTestMethods(Invoker.java:1193)
	at org.testng.internal.TestMethodWorker.invokeTestMethods(TestMethodWorker.java:126)
	at org.testng.internal.TestMethodWorker.run(TestMethodWorker.java:109)
	at java.util.concurrent.ThreadPoolExecutor.runWorker(ThreadPoolExecutor.java:1142)
	at java.util.concurrent.ThreadPoolExecutor$Worker.run(ThreadPoolExecutor.java:617)
	at java.lang.Thread.run(Thread.java:745)
]]>
            </full-stacktrace>
          </exception> <!-- org.testng.SkipException -->
          <reporter-output>
          </reporter-output>
        </test-method> <!-- testSocialShareLinks -->
        <test-method status="PASS" signature="afterMethod(org.testng.ITestResult)[pri:0, instance:com.techaspect.framework.testcases.HomePageTest@4c309d4d]" name="afterMethod" is-config="true" duration-ms="765" started-at="2018-08-24T18:59:05Z" finished-at="2018-08-24T18:59:05Z">
          <params>
            <param index="0">
              <value>
                <![CDATA[[TestResult name=testSocialShareLinks status=SKIP method=HomePageTest.testSocialShareLinks(java.util.Hashtable)[pri:0, instance:com.techaspect.framework.testcases.HomePageTest@4c309d4d] output={null}]]]>
              </value>
            </param>
          </params>
          <reporter-output>
          </reporter-output>
        </test-method> <!-- afterMethod -->
        <test-method status="PASS" signature="afterTest()[pri:0, instance:com.techaspect.framework.testcases.HomePageTest@4c309d4d]" name="afterTest" is-config="true" duration-ms="0" started-at="2018-08-24T18:59:05Z" finished-at="2018-08-24T18:59:05Z">
          <reporter-output>
          </reporter-output>
        </test-method> <!-- afterTest -->
        <test-method status="PASS" signature="afterClass()[pri:0, instance:com.techaspect.framework.testcases.HomePageTest@4c309d4d]" name="afterClass" is-config="true" duration-ms="0" started-at="2018-08-24T18:59:05Z" finished-at="2018-08-24T18:59:05Z">
          <reporter-output>
          </reporter-output>
        </test-method> <!-- afterClass -->
        <test-method status="PASS" signature="afterSuite()[pri:0, instance:com.techaspect.framework.testcases.HomePageTest@4c309d4d]" name="afterSuite" is-config="true" duration-ms="0" started-at="2018-08-24T18:59:06Z" finished-at="2018-08-24T18:59:06Z">
          <reporter-output>
          </reporter-output>
        </test-method> <!-- afterSuite -->
      </class> <!-- com.techaspect.framework.testcases.HomePageTest -->
    </test> <!-- Test -->
  </suite> <!-- Suite -->
</testng-results>
