<?xml version="1.0" encoding="UTF-8"?>
<testsuite name="Test"
           tests="5"
           failures="0"
           errors="0"
           skipped="1"
           time="83.387">
  <properties />
  
            <testcase name="testSocialShareLinks" time="0.0" classname="com.techaspect.framework.testcases.HomePageTest">
          <skipped />
    </testcase>
  
            <testcase name="testSocialShareLinks" time="46.881" classname="com.techaspect.framework.testcases.HomePageTest" />
                <testcase name="testSocialShareLinks" time="10.836" classname="com.techaspect.framework.testcases.HomePageTest" />
                <testcase name="testSocialShareLinks" time="6.140" classname="com.techaspect.framework.testcases.HomePageTest" />
                <testcase name="testLogo" time="19.526" classname="com.techaspect.framework.testcases.HomePageTest" />
      
</testsuite>
